#
# A fatal error has been detected by the Java Runtime Environment:
#
#  EXCEPTION_ACCESS_VIOLATION (0xc0000005) at pc=0x00007ff963cc1661, pid=5552, tid=14144
#
# JRE version: Java(TM) SE Runtime Environment (17.0+35) (build 17+35-LTS-2724)
# Java VM: Java HotSpot(TM) 64-Bit Server VM (17+35-LTS-2724, mixed mode, sharing, tiered, compressed oops, compressed class ptrs, g1 gc, windows-amd64)
# Problematic frame:
# C  [flatlaf-windows-x86_64-7457752479265000.dll+0x1661]
#
# No core dump will be written. Minidumps are not enabled by default on client versions of Windows
#
# If you would like to submit a bug report, please visit:
#   https://bugreport.java.com/bugreport/crash.jsp
# The crash happened outside the Java Virtual Machine in native code.
# See problematic frame for where to report the bug.
#

---------------  S U M M A R Y ------------

Command Line: it.cnr.istc.mw.mqtt.Main

Host: Intel(R) Core(TM) i7-4930K CPU @ 3.40GHz, 12 cores, 31G,  Windows 10 , 64 bit Build 19041 (10.0.19041.1348)
Time: Thu Dec  2 02:41:17 2021 ora solare Europa occidentale elapsed time: 28.148742 seconds (0d 0h 0m 28s)

---------------  T H R E A D  ---------------

Current thread (0x000001e04ccbca60):  JavaThread "AWT-Windows" daemon [_thread_in_native, id=14144, stack(0x0000005c98700000,0x0000005c98800000)]

Stack: [0x0000005c98700000,0x0000005c98800000],  sp=0x0000005c987fe8e0,  free space=1018k
Native frames: (J=compiled Java code, j=interpreted, Vv=VM code, C=native code)
C  [flatlaf-windows-x86_64-7457752479265000.dll+0x1661]

Java frames: (J=compiled Java code, j=interpreted, Vv=VM code)
j  sun.awt.windows.WToolkit.eventLoop()V+0 java.desktop@17
j  sun.awt.windows.WToolkit.run()V+50 java.desktop@17
j  java.lang.Thread.run()V+11 java.base@17
v  ~StubRoutines::call_stub

siginfo: EXCEPTION_ACCESS_VIOLATION (0xc0000005), reading address 0x0000000000000020


Register to memory mapping:

RIP=0x00007ff963cc1661 flatlaf-windows-x86_64-7457752479265000.dll
RAX=0x0 is NULL
RBX=0x0000000000009803 is an unknown value
RCX=0x0 is NULL
RDX=0x0000000000250950 is an unknown value
RSP=0x0000005c987fe8e0 is pointing into the stack for thread: 0x000001e04ccbca60
RBP=0x0000000000250950 is an unknown value
RSI=0x0 is NULL
RDI=0x0 is NULL
R8 =0x0000000000009803 is an unknown value
R9 =0x0 is NULL
R10=0x000001e04e219070 points into unknown readable memory: 0x00000000001d0958 | 58 09 1d 00 00 00 00 00
R11=0x0000000000000100 is an unknown value
R12=0x0 is NULL
R13=0x0000000000009803 is an unknown value
R14=0x0 is NULL
R15=0x00000000001002bc is an unknown value


Registers:
RAX=0x0000000000000000, RBX=0x0000000000009803, RCX=0x0000000000000000, RDX=0x0000000000250950
RSP=0x0000005c987fe8e0, RBP=0x0000000000250950, RSI=0x0000000000000000, RDI=0x0000000000000000
R8 =0x0000000000009803, R9 =0x0000000000000000, R10=0x000001e04e219070, R11=0x0000000000000100
R12=0x0000000000000000, R13=0x0000000000009803, R14=0x0000000000000000, R15=0x00000000001002bc
RIP=0x00007ff963cc1661, EFLAGS=0x0000000000010202

Top of Stack: (sp=0x0000005c987fe8e0)
0x0000005c987fe8e0:   0000000000000000 0000000000000008
0x0000005c987fe8f0:   0000000000000000 0000000000000000
0x0000005c987fe900:   000001e04ce8b090 00007ff963cc10c5
0x0000005c987fe910:   000001e08000ffff 000001e01d22d9d0
0x0000005c987fe920:   0000000000000000 0000000000000000
0x0000005c987fe930:   0000000000000000 00007ff963cc13f4
0x0000005c987fe940:   00000000001002bc 0000000000250950
0x0000005c987fe950:   0000000000009803 0000000000000000
0x0000005c987fe960:   00000000001002bc 00000000ffffffff
0x0000005c987fe970:   0000000080000022 00007ff96af5e7e8
0x0000005c987fe980:   0000000000000001 0000005c987feb70
0x0000005c987fe990:   0000000000000000 0000000000000000
0x0000005c987fe9a0:   000001e01d22db10 0000000000000008
0x0000005c987fe9b0:   0000000000000000 0000000000000000
0x0000005c987fe9c0:   0000000000000000 0000000000000000
0x0000005c987fe9d0:   8000002200000000 0000000000000000 

Instructions: (pc=0x00007ff963cc1661)
0x00007ff963cc1561:   b9 5c 00 00 00 8b d8 ff 15 22 1b 00 00 8b d3 b9
0x00007ff963cc1571:   21 00 00 00 8b f8 ff 15 13 1b 00 00 03 f8 44 3b
0x00007ff963cc1581:   f7 7d 18 ba f0 ff ff ff 48 8b cd ff 15 3e 1b 00
0x00007ff963cc1591:   00 0f ba e0 12 73 04 b3 01 eb 02 32 db 48 8b 4e
0x00007ff963cc15a1:   08 48 85 c9 75 32 48 8b 0e 48 8d 56 08 41 b8 02
0x00007ff963cc15b1:   00 01 00 48 8b 01 ff 50 30 48 8b 4e 08 48 85 c9
0x00007ff963cc15c1:   75 16 b8 01 00 00 00 84 db b9 0c 00 00 00 0f 45
0x00007ff963cc15d1:   c1 48 98 e9 a0 00 00 00 4c 8b 05 28 2a 00 00 45
0x00007ff963cc15e1:   8b cf 48 8b 56 10 0f b6 c3 89 44 24 28 44 89 74
0x00007ff963cc15f1:   24 20 e8 58 fd ff ff 48 98 eb 7d 81 fb a5 00 00
0x00007ff963cc1601:   00 74 3f 81 fb 20 03 00 00 75 55 48 8b 49 08 48
0x00007ff963cc1611:   85 c9 75 1c 48 8b 0e 48 8d 56 08 41 b8 02 00 01
0x00007ff963cc1621:   00 48 8b 01 ff 50 30 48 8b 4e 08 48 85 c9 74 30
0x00007ff963cc1631:   4c 8b 05 e0 29 00 00 48 8b 56 10 e8 3f fd ff ff
0x00007ff963cc1641:   eb 1e 49 8d 41 fe 48 83 f8 01 77 14 49 8b c7 45
0x00007ff963cc1651:   0f bf c7 48 c1 e8 10 44 0f bf c8 e8 df 04 00 00
0x00007ff963cc1661:   48 8b 4e 20 44 8b c3 4c 89 7c 24 20 4c 8b cf 48
0x00007ff963cc1671:   8b d5 ff 15 47 1a 00 00 48 8b 5c 24 60 48 8b 6c
0x00007ff963cc1681:   24 68 48 8b 74 24 70 48 83 c4 40 41 5f 41 5e 5f
0x00007ff963cc1691:   c3 cc cc cc cc cc cc cc cc cc cc cc cc cc cc 48
0x00007ff963cc16a1:   89 7c 24 18 4c 89 74 24 20 55 48 8d 6c 24 b1 48
0x00007ff963cc16b1:   81 ec c0 00 00 00 48 8b f9 48 8b 49 20 4c 8b f2
0x00007ff963cc16c1:   49 83 f9 01 74 14 48 8b 45 7f 48 89 44 24 20 ff
0x00007ff963cc16d1:   15 ea 19 00 00 e9 da 01 00 00 48 89 9c 24 d0 00
0x00007ff963cc16e1:   00 00 41 b9 01 00 00 00 48 8b 5d 7f 48 89 b4 24
0x00007ff963cc16f1:   d8 00 00 00 48 89 5c 24 20 8b 73 04 ff 15 bd 19
0x00007ff963cc1701:   00 00 48 85 c0 0f 85 99 01 00 00 49 8b ce 89 73
0x00007ff963cc1711:   04 ff 15 90 19 00 00 85 c0 0f 84 83 01 00 00 48
0x00007ff963cc1721:   8b 4f 08 48 85 c9 75 1c 48 8b 0f 48 8d 57 08 41
0x00007ff963cc1731:   b8 02 00 01 00 48 8b 01 ff 50 30 48 8b 4f 08 48
0x00007ff963cc1741:   85 c9 74 1b 4c 8b 05 c4 28 00 00 48 8b 57 10 e8
0x00007ff963cc1751:   cb fb ff ff 0f b6 c0 85 c0 0f 85 43 01 00 00 48 


Stack slot to memory mapping:
stack at sp + 0 slots: 0x0 is NULL
stack at sp + 1 slots: 0x0000000000000008 is an unknown value
stack at sp + 2 slots: 0x0 is NULL
stack at sp + 3 slots: 0x0 is NULL
stack at sp + 4 slots: 0x000001e04ce8b090 points into unknown readable memory: 0x0000001400000001 | 01 00 00 00 14 00 00 00
stack at sp + 5 slots: 0x00007ff963cc10c5 flatlaf-windows-x86_64-7457752479265000.dll
stack at sp + 6 slots: 0x000001e08000ffff is an unknown value
stack at sp + 7 slots: 0x000001e01d22d9d0 points into unknown readable memory: 0x00007ff966c29d78 | 78 9d c2 66 f9 7f 00 00


---------------  P R O C E S S  ---------------

Threads class SMR info:
_java_thread_list=0x000001e04cec5360, length=26, elements={
0x000001e01d0df540, 0x000001e04ba4de90, 0x000001e04ba50d10, 0x000001e04ba64850,
0x000001e04ba66820, 0x000001e04ba691e0, 0x000001e04ba6b1b0, 0x000001e04ba6f390,
0x000001e04ba97e50, 0x000001e04baa4450, 0x000001e04bbc6860, 0x000001e04bbcf800,
0x000001e04cc97690, 0x000001e04ccbca60, 0x000001e04de66090, 0x000001e04df12bb0,
0x000001e04e36f830, 0x000001e04e36e020, 0x000001e04e36c810, 0x000001e04e36ee90,
0x000001e04e36db50, 0x000001e04e36d680, 0x000001e04e36e4f0, 0x000001e04e36fd00,
0x000001e04e36c340, 0x000001e04e36d1b0
}

Java Threads: ( => current thread )
  0x000001e01d0df540 JavaThread "main" [_thread_in_native, id=7868, stack(0x0000005c96800000,0x0000005c96900000)]
  0x000001e04ba4de90 JavaThread "Reference Handler" daemon [_thread_blocked, id=21228, stack(0x0000005c96f00000,0x0000005c97000000)]
  0x000001e04ba50d10 JavaThread "Finalizer" daemon [_thread_blocked, id=22572, stack(0x0000005c97000000,0x0000005c97100000)]
  0x000001e04ba64850 JavaThread "Signal Dispatcher" daemon [_thread_blocked, id=1884, stack(0x0000005c97100000,0x0000005c97200000)]
  0x000001e04ba66820 JavaThread "Attach Listener" daemon [_thread_blocked, id=24272, stack(0x0000005c97200000,0x0000005c97300000)]
  0x000001e04ba691e0 JavaThread "Service Thread" daemon [_thread_blocked, id=19164, stack(0x0000005c97300000,0x0000005c97400000)]
  0x000001e04ba6b1b0 JavaThread "Monitor Deflation Thread" daemon [_thread_blocked, id=11852, stack(0x0000005c97400000,0x0000005c97500000)]
  0x000001e04ba6f390 JavaThread "C2 CompilerThread0" daemon [_thread_blocked, id=9688, stack(0x0000005c97500000,0x0000005c97600000)]
  0x000001e04ba97e50 JavaThread "C1 CompilerThread0" daemon [_thread_blocked, id=22688, stack(0x0000005c97600000,0x0000005c97700000)]
  0x000001e04baa4450 JavaThread "Sweeper thread" daemon [_thread_blocked, id=8940, stack(0x0000005c97700000,0x0000005c97800000)]
  0x000001e04bbc6860 JavaThread "Notification Thread" daemon [_thread_blocked, id=7248, stack(0x0000005c97800000,0x0000005c97900000)]
  0x000001e04bbcf800 JavaThread "Common-Cleaner" daemon [_thread_blocked, id=1836, stack(0x0000005c97a00000,0x0000005c97b00000)]
  0x000001e04cc97690 JavaThread "Java2D Disposer" daemon [_thread_blocked, id=18484, stack(0x0000005c98500000,0x0000005c98600000)]
=>0x000001e04ccbca60 JavaThread "AWT-Windows" daemon [_thread_in_native, id=14144, stack(0x0000005c98700000,0x0000005c98800000)]
  0x000001e04de66090 JavaThread "nioEventLoopGroup-2-1" [_thread_in_native, id=22568, stack(0x0000005c97b00000,0x0000005c97c00000)]
  0x000001e04df12bb0 JavaThread "MQTT Rec: Server" [_thread_in_native, id=23904, stack(0x0000005c98c00000,0x0000005c98d00000)]
  0x000001e04e36f830 JavaThread "nioEventLoopGroup-3-1" [_thread_in_native, id=13300, stack(0x0000005c98d00000,0x0000005c98e00000)]
  0x000001e04e36e020 JavaThread "MQTT Snd: Server" [_thread_blocked, id=7572, stack(0x0000005c98e00000,0x0000005c98f00000)]
  0x000001e04e36c810 JavaThread "MQTT Call: Server" [_thread_blocked, id=2384, stack(0x0000005c98f00000,0x0000005c99000000)]
  0x000001e04e36ee90 JavaThread "threadDeathWatcher-4-1" daemon [_thread_blocked, id=8620, stack(0x0000005c98600000,0x0000005c98700000)]
  0x000001e04e36db50 JavaThread "pool-2-thread-1" [_thread_blocked, id=23272, stack(0x0000005c98900000,0x0000005c98a00000)]
  0x000001e04e36d680 JavaThread "MQTT Ping: Server" [_thread_blocked, id=16172, stack(0x0000005c98a00000,0x0000005c98b00000)]
  0x000001e04e36e4f0 JavaThread "AWT-Shutdown" [_thread_blocked, id=7236, stack(0x0000005c99000000,0x0000005c99100000)]
  0x000001e04e36fd00 JavaThread "AWT-EventQueue-0" [_thread_in_native, id=11020, stack(0x0000005c99300000,0x0000005c99400000)]
  0x000001e04e36c340 JavaThread "D3D Screen Updater" daemon [_thread_in_native, id=21580, stack(0x0000005c99900000,0x0000005c99a00000)]
  0x000001e04e36d1b0 JavaThread "TimerQueue" daemon [_thread_blocked, id=16032, stack(0x0000005c99a00000,0x0000005c99b00000)]

Other Threads:
  0x000001e04ba46a70 VMThread "VM Thread" [stack: 0x0000005c96e00000,0x0000005c96f00000] [id=17532]
  0x000001e04bbcaf60 WatcherThread [stack: 0x0000005c97900000,0x0000005c97a00000] [id=11812]
  0x000001e01d15a4b0 GCTaskThread "GC Thread#0" [stack: 0x0000005c96900000,0x0000005c96a00000] [id=4560]
  0x000001e04c8c9a40 GCTaskThread "GC Thread#1" [stack: 0x0000005c97c00000,0x0000005c97d00000] [id=19524]
  0x000001e04c85a700 GCTaskThread "GC Thread#2" [stack: 0x0000005c97d00000,0x0000005c97e00000] [id=2932]
  0x000001e04c876e50 GCTaskThread "GC Thread#3" [stack: 0x0000005c97e00000,0x0000005c97f00000] [id=7532]
  0x000001e04cb8d7f0 GCTaskThread "GC Thread#4" [stack: 0x0000005c97f00000,0x0000005c98000000] [id=9856]
  0x000001e04cb8daa0 GCTaskThread "GC Thread#5" [stack: 0x0000005c98000000,0x0000005c98100000] [id=10184]
  0x000001e04cb60470 GCTaskThread "GC Thread#6" [stack: 0x0000005c98100000,0x0000005c98200000] [id=16140]
  0x000001e04cb60720 GCTaskThread "GC Thread#7" [stack: 0x0000005c98200000,0x0000005c98300000] [id=4456]
  0x000001e04cb60c80 GCTaskThread "GC Thread#8" [stack: 0x0000005c98300000,0x0000005c98400000] [id=19508]
  0x000001e04cb5f450 GCTaskThread "GC Thread#9" [stack: 0x0000005c98400000,0x0000005c98500000] [id=10472]
  0x000001e01d16b370 ConcurrentGCThread "G1 Main Marker" [stack: 0x0000005c96a00000,0x0000005c96b00000] [id=20900]
  0x000001e01d16d530 ConcurrentGCThread "G1 Conc#0" [stack: 0x0000005c96b00000,0x0000005c96c00000] [id=24292]
  0x000001e04e4705b0 ConcurrentGCThread "G1 Conc#1" [stack: 0x0000005c99700000,0x0000005c99800000] [id=22556]
  0x000001e04e470860 ConcurrentGCThread "G1 Conc#2" [stack: 0x0000005c99800000,0x0000005c99900000] [id=2812]
  0x000001e01d1a54f0 ConcurrentGCThread "G1 Refine#0" [stack: 0x0000005c96c00000,0x0000005c96d00000] [id=18428]
  0x000001e01d1a5f10 ConcurrentGCThread "G1 Service" [stack: 0x0000005c96d00000,0x0000005c96e00000] [id=23136]

Threads with active compile tasks:

VM state: not at safepoint (normal execution)

VM Mutex/Monitor currently owned by a thread: None

Heap address: 0x0000000601000000, size: 8176 MB, Compressed Oops mode: Zero based, Oop shift amount: 3

CDS archive(s) mapped at: [0x0000000800000000-0x0000000800bc0000-0x0000000800bc0000), size 12320768, SharedBaseAddress: 0x0000000800000000, ArchiveRelocationMode: 0.
Compressed class space mapped at: 0x0000000800c00000-0x0000000840c00000, reserved size: 1073741824
Narrow klass base: 0x0000000800000000, Narrow klass shift: 0, Narrow klass range: 0x100000000

GC Precious Log:
 CPUs: 12 total, 12 available
 Memory: 32702M
 Large Page Support: Disabled
 NUMA Support: Disabled
 Compressed Oops: Enabled (Zero based)
 Heap Region Size: 4M
 Heap Min Capacity: 8M
 Heap Initial Capacity: 512M
 Heap Max Capacity: 8176M
 Pre-touch: Disabled
 Parallel Workers: 10
 Concurrent Workers: 3
 Concurrent Refinement Workers: 10
 Periodic GC: Disabled

Heap:
 garbage-first heap   total 69632K, used 20519K [0x0000000601000000, 0x0000000800000000)
  region size 4096K, 5 young (20480K), 2 survivors (8192K)
 Metaspace       used 24077K, committed 24320K, reserved 1073152K
  class space    used 2646K, committed 2752K, reserved 1048576K

Heap Regions: E=young(eden), S=young(survivor), O=old, HS=humongous(starts), HC=humongous(continues), CS=collection set, F=free, OA=open archive, CA=closed archive, TAMS=top-at-mark-start (previous, next)
|   0|0x0000000601000000, 0x0000000601400000, 0x0000000601400000|100%| O|  |TAMS 0x0000000601400000, 0x0000000601000000| Untracked 
|   1|0x0000000601400000, 0x00000006014ff000, 0x0000000601800000| 24%| O|  |TAMS 0x00000006014ff000, 0x0000000601400000| Complete 
|   2|0x0000000601800000, 0x0000000601800000, 0x0000000601c00000|  0%| F|  |TAMS 0x0000000601800000, 0x0000000601800000| Untracked 
|   3|0x0000000601c00000, 0x0000000601c00000, 0x0000000602000000|  0%| F|  |TAMS 0x0000000601c00000, 0x0000000601c00000| Untracked 
|   4|0x0000000602000000, 0x0000000602000000, 0x0000000602400000|  0%| F|  |TAMS 0x0000000602000000, 0x0000000602000000| Untracked 
|   5|0x0000000602400000, 0x0000000602400000, 0x0000000602800000|  0%| F|  |TAMS 0x0000000602400000, 0x0000000602400000| Untracked 
|   6|0x0000000602800000, 0x0000000602800000, 0x0000000602c00000|  0%| F|  |TAMS 0x0000000602800000, 0x0000000602800000| Untracked 
|   7|0x0000000602c00000, 0x0000000602c00000, 0x0000000603000000|  0%| F|  |TAMS 0x0000000602c00000, 0x0000000602c00000| Untracked 
|   8|0x0000000603000000, 0x0000000603000000, 0x0000000603400000|  0%| F|  |TAMS 0x0000000603000000, 0x0000000603000000| Untracked 
|   9|0x0000000603400000, 0x0000000603400000, 0x0000000603800000|  0%| F|  |TAMS 0x0000000603400000, 0x0000000603400000| Untracked 
|  10|0x0000000603800000, 0x0000000603800000, 0x0000000603c00000|  0%| F|  |TAMS 0x0000000603800000, 0x0000000603800000| Untracked 
|  11|0x0000000603c00000, 0x0000000603c00000, 0x0000000604000000|  0%| F|  |TAMS 0x0000000603c00000, 0x0000000603c00000| Untracked 
|  12|0x0000000604000000, 0x0000000604143168, 0x0000000604400000| 31%| E|  |TAMS 0x0000000604000000, 0x0000000604000000| Complete 
|  13|0x0000000604400000, 0x0000000604800000, 0x0000000604800000|100%| E|CS|TAMS 0x0000000604400000, 0x0000000604400000| Complete 
| 113|0x000000061d400000, 0x000000061d70ade8, 0x000000061d800000| 76%| S|CS|TAMS 0x000000061d400000, 0x000000061d400000| Complete 
| 114|0x000000061d800000, 0x000000061dc00000, 0x000000061dc00000|100%| S|CS|TAMS 0x000000061d800000, 0x000000061d800000| Complete 
| 127|0x0000000620c00000, 0x0000000621000000, 0x0000000621000000|100%| E|CS|TAMS 0x0000000620c00000, 0x0000000620c00000| Complete 

Card table byte_map: [0x000001e036d90000,0x000001e037d90000] _byte_map_base: 0x000001e033d88000

Marking Bits (Prev, Next): (CMBitMap*) 0x000001e01d15ab00, (CMBitMap*) 0x000001e01d15aac0
 Prev Bits: [0x000001e040d50000, 0x000001e048d10000)
 Next Bits: [0x000001e038d90000, 0x000001e040d50000)

Polling page: 0x000001e01d1b0000

Metaspace:

Usage:
  Non-class:     20.93 MB used.
      Class:      2.58 MB used.
       Both:     23.51 MB used.

Virtual space:
  Non-class space:       24.00 MB reserved,      21.06 MB ( 88%) committed,  3 nodes.
      Class space:        1.00 GB reserved,       2.69 MB ( <1%) committed,  1 nodes.
             Both:        1.02 GB reserved,      23.75 MB (  2%) committed. 

Chunk freelists:
   Non-Class:  2.89 MB
       Class:  1.20 MB
        Both:  4.09 MB

MaxMetaspaceSize: unlimited
CompressedClassSpaceSize: 1.00 GB
Initial GC threshold: 21.00 MB
Current GC threshold: 35.25 MB
CDS: on
MetaspaceReclaimPolicy: balanced
 - commit_granule_bytes: 65536.
 - commit_granule_words: 8192.
 - virtual_space_node_default_size: 1048576.
 - enlarge_chunks_in_place: 1.
 - new_chunks_are_fully_committed: 0.
 - uncommit_free_chunks: 1.
 - use_allocation_guard: 0.
 - handle_deallocations: 1.


Internal statistics:

num_allocs_failed_limit: 3.
num_arena_births: 214.
num_arena_deaths: 0.
num_vsnodes_births: 4.
num_vsnodes_deaths: 0.
num_space_committed: 380.
num_space_uncommitted: 0.
num_chunks_returned_to_freelist: 3.
num_chunks_taken_from_freelist: 616.
num_chunk_merges: 0.
num_chunk_splits: 400.
num_chunks_enlarged: 267.
num_purges: 0.
num_inconsistent_stats: 0.

CodeHeap 'non-profiled nmethods': size=120000Kb used=1112Kb max_used=1112Kb free=118888Kb
 bounds [0x000001e02dbd0000, 0x000001e02de40000, 0x000001e035100000]
CodeHeap 'profiled nmethods': size=120000Kb used=5967Kb max_used=5967Kb free=114032Kb
 bounds [0x000001e0266a0000, 0x000001e026c80000, 0x000001e02dbd0000]
CodeHeap 'non-nmethods': size=5760Kb used=1385Kb max_used=1422Kb free=4374Kb
 bounds [0x000001e026100000, 0x000001e026370000, 0x000001e0266a0000]
 total_blobs=3677 nmethods=2942 adapters=646
 compilation: enabled
              stopped_count=0, restarted_count=0
 full_count=0

Compilation events (20 events):
Event: 28.072 Thread 0x000001e04ba97e50 nmethod 2933 0x000001e026c70190 code [0x000001e026c70360, 0x000001e026c70838]
Event: 28.072 Thread 0x000001e04ba97e50 2931       3       java.util.Vector::elementData (7 bytes)
Event: 28.073 Thread 0x000001e04ba97e50 nmethod 2931 0x000001e026c70a10 code [0x000001e026c70ba0, 0x000001e026c70cd8]
Event: 28.076 Thread 0x000001e04ba97e50 2934       3       sun.java2d.marlin.TransformingPathConsumer2D$CurveClipSplitter::splitCurve (98 bytes)
Event: 28.077 Thread 0x000001e04ba6f390 2935       4       sun.java2d.marlin.Renderer::_endRendering (2480 bytes)
Event: 28.077 Thread 0x000001e04ba97e50 nmethod 2934 0x000001e026c70d90 code [0x000001e026c70f60, 0x000001e026c713b8]
Event: 28.080 Thread 0x000001e04ba97e50 2936       3       sun.java2d.ReentrantContextProviderTL::acquire (71 bytes)
Event: 28.081 Thread 0x000001e04ba97e50 nmethod 2936 0x000001e026c71610 code [0x000001e026c71820, 0x000001e026c71fb8]
Event: 28.081 Thread 0x000001e04ba97e50 2937       3       sun.java2d.pipe.Region::getWidth (32 bytes)
Event: 28.081 Thread 0x000001e04ba97e50 nmethod 2937 0x000001e026c72210 code [0x000001e026c723a0, 0x000001e026c72558]
Event: 28.081 Thread 0x000001e04ba97e50 2938       3       sun.java2d.pipe.Region::getHeight (32 bytes)
Event: 28.082 Thread 0x000001e04ba97e50 nmethod 2938 0x000001e026c72610 code [0x000001e026c727a0, 0x000001e026c72958]
Event: 28.082 Thread 0x000001e04ba97e50 2939       3       sun.java2d.ReentrantContextProviderTL::release (25 bytes)
Event: 28.082 Thread 0x000001e04ba97e50 nmethod 2939 0x000001e026c72a10 code [0x000001e026c72be0, 0x000001e026c72e98]
Event: 28.085 Thread 0x000001e04ba97e50 2940       3       sun.java2d.pipe.RenderQueue::ensureCapacityAndAlignment (13 bytes)
Event: 28.086 Thread 0x000001e04ba97e50 nmethod 2940 0x000001e026c73010 code [0x000001e026c73200, 0x000001e026c73658]
Event: 28.131 Thread 0x000001e04ba97e50 2941   !   3       java.awt.KeyboardFocusManager::getFocusOwner (42 bytes)
Event: 28.131 Thread 0x000001e04ba97e50 nmethod 2941 0x000001e026c73890 code [0x000001e026c73a60, 0x000001e026c73dc8]
Event: 28.132 Thread 0x000001e04ba97e50 2942       1       java.awt.Component::setAutoFocusTransferOnDisposal (6 bytes)
Event: 28.132 Thread 0x000001e04ba97e50 nmethod 2942 0x000001e02dcdf190 code [0x000001e02dcdf320, 0x000001e02dcdf3f8]

GC Heap History (6 events):
Event: 0.210 GC heap before
{Heap before GC invocations=0 (full 0):
 garbage-first heap   total 524288K, used 20480K [0x0000000601000000, 0x0000000800000000)
  region size 4096K, 6 young (24576K), 0 survivors (0K)
 Metaspace       used 806K, committed 960K, reserved 1056768K
  class space    used 46K, committed 128K, reserved 1048576K
}
Event: 0.213 GC heap after
{Heap after GC invocations=1 (full 0):
 garbage-first heap   total 524288K, used 4801K [0x0000000601000000, 0x0000000800000000)
  region size 4096K, 1 young (4096K), 1 survivors (4096K)
 Metaspace       used 806K, committed 960K, reserved 1056768K
  class space    used 46K, committed 128K, reserved 1048576K
}
Event: 0.290 GC heap before
{Heap before GC invocations=1 (full 0):
 garbage-first heap   total 524288K, used 21185K [0x0000000601000000, 0x0000000800000000)
  region size 4096K, 6 young (24576K), 1 survivors (4096K)
 Metaspace       used 1385K, committed 1536K, reserved 1056768K
  class space    used 104K, committed 192K, reserved 1048576K
}
Event: 0.293 GC heap after
{Heap after GC invocations=2 (full 0):
 garbage-first heap   total 524288K, used 5890K [0x0000000601000000, 0x0000000800000000)
  region size 4096K, 1 young (4096K), 1 survivors (4096K)
 Metaspace       used 1385K, committed 1536K, reserved 1056768K
  class space    used 104K, committed 192K, reserved 1048576K
}
Event: 10.225 GC heap before
{Heap before GC invocations=2 (full 0):
 garbage-first heap   total 524288K, used 50946K [0x0000000601000000, 0x0000000800000000)
  region size 4096K, 13 young (53248K), 1 survivors (4096K)
 Metaspace       used 21231K, committed 21504K, reserved 1073152K
  class space    used 2324K, committed 2496K, reserved 1048576K
}
Event: 10.231 GC heap after
{Heap after GC invocations=3 (full 0):
 garbage-first heap   total 524288K, used 12327K [0x0000000601000000, 0x0000000800000000)
  region size 4096K, 2 young (8192K), 2 survivors (8192K)
 Metaspace       used 21231K, committed 21504K, reserved 1073152K
  class space    used 2324K, committed 2496K, reserved 1048576K
}

Deoptimization events (20 events):
Event: 21.054 Thread 0x000001e04e36fd00 DEOPT PACKING pc=0x000001e026a9fdc2 sp=0x0000005c993fcf50
Event: 21.054 Thread 0x000001e04e36fd00 DEOPT UNPACKING pc=0x000001e026152b43 sp=0x0000005c993fc3e0 mode 0
Event: 21.058 Thread 0x000001e04e36fd00 DEOPT PACKING pc=0x000001e026ae6146 sp=0x0000005c993fce30
Event: 21.058 Thread 0x000001e04e36fd00 DEOPT UNPACKING pc=0x000001e026152b43 sp=0x0000005c993fc2c0 mode 0
Event: 21.060 Thread 0x000001e04e36fd00 DEOPT PACKING pc=0x000001e026a9fdc2 sp=0x0000005c993fcd60
Event: 21.060 Thread 0x000001e04e36fd00 DEOPT UNPACKING pc=0x000001e026152b43 sp=0x0000005c993fc1f0 mode 0
Event: 21.062 Thread 0x000001e04e36fd00 DEOPT PACKING pc=0x000001e026a9daa1 sp=0x0000005c993fcb70
Event: 21.062 Thread 0x000001e04e36fd00 DEOPT UNPACKING pc=0x000001e026152b43 sp=0x0000005c993fbfc0 mode 0
Event: 21.066 Thread 0x000001e04e36fd00 DEOPT PACKING pc=0x000001e026a9daa1 sp=0x0000005c993fc980
Event: 21.067 Thread 0x000001e04e36fd00 DEOPT UNPACKING pc=0x000001e026152b43 sp=0x0000005c993fbdd0 mode 0
Event: 21.068 Thread 0x000001e04e36fd00 DEOPT PACKING pc=0x000001e026a9daa1 sp=0x0000005c993fc980
Event: 21.068 Thread 0x000001e04e36fd00 DEOPT UNPACKING pc=0x000001e026152b43 sp=0x0000005c993fbdd0 mode 0
Event: 23.829 Thread 0x000001e04e36fd00 Uncommon trap: trap_request=0xffffff45 fr.pc=0x000001e02dcb6f94 relative=0x0000000000000fb4
Event: 23.829 Thread 0x000001e04e36fd00 Uncommon trap: reason=unstable_if action=reinterpret pc=0x000001e02dcb6f94 method=sun.java2d.marlin.MarlinCache.copyAARowRLE_WithBlockFlags([I[IIII)V @ 462 c2
Event: 23.829 Thread 0x000001e04e36fd00 DEOPT PACKING pc=0x000001e02dcb6f94 sp=0x0000005c993fd610
Event: 23.829 Thread 0x000001e04e36fd00 DEOPT UNPACKING pc=0x000001e0261523a3 sp=0x0000005c993fd4f8 mode 2
Event: 23.838 Thread 0x000001e04e36fd00 DEOPT PACKING pc=0x000001e026c31a21 sp=0x0000005c993fd460
Event: 23.838 Thread 0x000001e04e36fd00 DEOPT UNPACKING pc=0x000001e026152b43 sp=0x0000005c993fc8b0 mode 0
Event: 28.077 Thread 0x000001e04e36fd00 DEOPT PACKING pc=0x000001e026b190a4 sp=0x0000005c993fd590
Event: 28.077 Thread 0x000001e04e36fd00 DEOPT UNPACKING pc=0x000001e026152b43 sp=0x0000005c993fc970 mode 0

Classes unloaded (0 events):
No events

Classes redefined (0 events):
No events

Internal exceptions (20 events):
Event: 0.781 Thread 0x000001e04ccedc00 Exception <a 'java/lang/NoSuchMethodError'{0x00000006206ca398}: 'java.lang.Object java.lang.invoke.DirectMethodHandle$Holder.invokeStaticInit(java.lang.Object, java.lang.Object, int, int, int, int)'> (0x00000006206ca398) 
thrown [t:\workspace\open\src\hotspot\share\interpreter\linkResolver.cpp, line 766]
Event: 1.043 Thread 0x000001e04e1bac60 Exception <a 'java/lang/NoSuchMethodError'{0x000000061ffdeba0}: 'void java.lang.invoke.DirectMethodHandle$Holder.invokeStatic(java.lang.Object, java.lang.Object)'> (0x000000061ffdeba0) 
thrown [t:\workspace\open\src\hotspot\share\interpreter\linkResolver.cpp, line 766]
Event: 1.417 Thread 0x000001e04e36f830 Exception <a 'java/lang/NoSuchMethodError'{0x000000061f0d93c0}: 'void java.lang.invoke.DirectMethodHandle$Holder.invokeStatic(java.lang.Object, java.lang.Object, java.lang.Object, java.lang.Object)'> (0x000000061f0d93c0) 
thrown [t:\workspace\open\src\hotspot\share\interpreter\linkResolver.cpp, line 766]
Event: 1.562 Thread 0x000001e04e36db50 Exception <a 'sun/nio/fs/WindowsException'{0x000000061ebec320}> (0x000000061ebec320) 
thrown [t:\workspace\open\src\hotspot\share\prims\jni.cpp, line 516]
Event: 1.572 Thread 0x000001e04e36db50 Exception <a 'java/lang/NoSuchMethodError'{0x000000061e4134f8}: 'int java.lang.invoke.DirectMethodHandle$Holder.invokeStaticInit(java.lang.Object, java.lang.Object, java.lang.Object, java.lang.Object)'> (0x000000061e4134f8) 
thrown [t:\workspace\open\src\hotspot\share\interpreter\linkResolver.cpp, line 766]
Event: 1.573 Thread 0x000001e04e36db50 Exception <a 'java/lang/IncompatibleClassChangeError'{0x000000061e41c9d8}: Found class java.lang.Object, but interface was expected> (0x000000061e41c9d8) 
thrown [t:\workspace\open\src\hotspot\share\interpreter\linkResolver.cpp, line 833]
Event: 1.573 Thread 0x000001e04e36db50 Exception <a 'java/lang/NoSuchMethodError'{0x000000061e41f8d0}: 'void java.lang.invoke.DirectMethodHandle$Holder.invokeStaticInit(java.lang.Object, java.lang.Object)'> (0x000000061e41f8d0) 
thrown [t:\workspace\open\src\hotspot\share\interpreter\linkResolver.cpp, line 766]
Event: 1.574 Thread 0x000001e04e36db50 Exception <a 'java/lang/NoSuchMethodError'{0x000000061e4259f8}: 'int java.lang.invoke.DirectMethodHandle$Holder.invokeStaticInit(java.lang.Object, java.lang.Object)'> (0x000000061e4259f8) 
thrown [t:\workspace\open\src\hotspot\share\interpreter\linkResolver.cpp, line 766]
Event: 9.775 Thread 0x000001e01d0df540 Exception <a 'java/lang/NoSuchMethodError'{0x0000000620f70aa0}: 'int java.lang.invoke.DirectMethodHandle$Holder.invokeStatic(java.lang.Object)'> (0x0000000620f70aa0) 
thrown [t:\workspace\open\src\hotspot\share\interpreter\linkResolver.cpp, line 766]
Event: 9.790 Thread 0x000001e01d0df540 Exception <a 'java/lang/NoSuchMethodError'{0x000000061e76a288}: 'java.lang.Object java.lang.invoke.DirectMethodHandle$Holder.invokeSpecial(java.lang.Object, java.lang.Object, java.lang.Object, java.lang.Object, float)'> (0x000000061e76a288) 
thrown [t:\workspace\open\src\hotspot\share\interpreter\linkResolver.cpp, line 766]
Event: 9.959 Thread 0x000001e01d0df540 Exception <a 'java/lang/ClassNotFoundException'{0x000000061e0311a8}: com/sun/swing/internal/plaf/basic/resources/spi/basicProvider> (0x000000061e0311a8) 
thrown [t:\workspace\open\src\hotspot\share\classfile\systemDictionary.cpp, line 256]
Event: 9.970 Thread 0x000001e01d0df540 Implicit null exception at 0x000001e02dc5a85e to 0x000001e02dc5b168
Event: 9.976 Thread 0x000001e01d0df540 Exception <a 'sun/nio/fs/WindowsException'{0x000000061e0b9c38}> (0x000000061e0b9c38) 
thrown [t:\workspace\open\src\hotspot\share\prims\jni.cpp, line 516]
Event: 9.983 Thread 0x000001e01d0df540 Implicit null exception at 0x000001e02dc4c56f to 0x000001e02dc4c75c
Event: 9.983 Thread 0x000001e01d0df540 Implicit null exception at 0x000001e02dc27f94 to 0x000001e02dc281f4
Event: 9.983 Thread 0x000001e01d0df540 Implicit null exception at 0x000001e02dc3700f to 0x000001e02dc37089
Event: 9.990 Thread 0x000001e04e36cce0 Implicit null exception at 0x000001e02dc069f2 to 0x000001e02dc06f94
Event: 10.024 Thread 0x000001e04e36cce0 Exception <a 'java/lang/NoSuchMethodError'{0x000000061e2410d8}: 'java.lang.Object java.lang.invoke.DirectMethodHandle$Holder.newInvokeSpecial(java.lang.Object, java.lang.Object, java.lang.Object, int, int, int, int, int)'> (0x000000061e2410d8) 
thrown [t:\workspace\open\src\hotspot\share\interpreter\linkResolver.cpp, line 766]
Event: 10.082 Thread 0x000001e04ccbca60 Exception <a 'java/lang/NoSuchMethodError'{0x0000000620d50528}: 'void java.lang.invoke.DirectMethodHandle$Holder.invokeVirtual(java.lang.Object, java.lang.Object)'> (0x0000000620d50528) 
thrown [t:\workspace\open\src\hotspot\share\interpreter\linkResolver.cpp, line 766]
Event: 10.097 Thread 0x000001e01d0df540 Exception <a 'java/lang/NoSuchMethodError'{0x000000061e365000}: 'void java.lang.invoke.DirectMethodHandle$Holder.invokeStaticInit(java.lang.Object)'> (0x000000061e365000) 
thrown [t:\workspace\open\src\hotspot\share\interpreter\linkResolver.cpp, line 766]

VM Operations (20 events):
Event: 17.283 Executing VM operation: Cleanup
Event: 17.283 Executing VM operation: Cleanup done
Event: 18.283 Executing VM operation: Cleanup
Event: 18.283 Executing VM operation: Cleanup done
Event: 20.284 Executing VM operation: Cleanup
Event: 20.284 Executing VM operation: Cleanup done
Event: 21.049 Executing VM operation: HandshakeAllThreads
Event: 21.049 Executing VM operation: HandshakeAllThreads done
Event: 22.049 Executing VM operation: Cleanup
Event: 22.049 Executing VM operation: Cleanup done
Event: 23.050 Executing VM operation: Cleanup
Event: 23.050 Executing VM operation: Cleanup done
Event: 24.050 Executing VM operation: Cleanup
Event: 24.050 Executing VM operation: Cleanup done
Event: 25.050 Executing VM operation: Cleanup
Event: 25.051 Executing VM operation: Cleanup done
Event: 26.051 Executing VM operation: Cleanup
Event: 26.051 Executing VM operation: Cleanup done
Event: 28.051 Executing VM operation: Cleanup
Event: 28.052 Executing VM operation: Cleanup done

Events (20 events):
Event: 23.826 loading class sun/awt/geom/AreaOp$NZWindOp done
Event: 23.826 loading class sun/awt/geom/AreaOp$1
Event: 23.827 loading class sun/awt/geom/AreaOp$1 done
Event: 23.827 loading class sun/awt/geom/CurveLink
Event: 23.827 loading class sun/awt/geom/CurveLink done
Event: 23.827 loading class sun/awt/geom/ChainEnd
Event: 23.827 loading class sun/awt/geom/ChainEnd done
Event: 23.827 loading class sun/awt/geom/Edge
Event: 23.827 loading class sun/awt/geom/Edge done
Event: 23.828 loading class java/awt/geom/Path2D$Double$CopyIterator
Event: 23.828 loading class java/awt/geom/Path2D$Double$CopyIterator done
Event: 23.828 loading class sun/awt/geom/AreaOp$IntOp
Event: 23.828 loading class sun/awt/geom/AreaOp$CAGOp
Event: 23.828 loading class sun/awt/geom/AreaOp$CAGOp done
Event: 23.828 loading class sun/awt/geom/AreaOp$IntOp done
Event: 25.944 Thread 0x000001e04e36cce0 Thread exited: 0x000001e04e36cce0
Event: 28.053 loading class sun/awt/windows/WInputMethod$1
Event: 28.053 loading class sun/awt/windows/WInputMethod$1 done
Event: 28.053 loading class java/awt/font/TextHitInfo
Event: 28.053 loading class java/awt/font/TextHitInfo done


Dynamic libraries:
0x00007ff608590000 - 0x00007ff6085a0000 	C:\Program Files\Java\jdk-17\bin\java.exe
0x00007ff96bf30000 - 0x00007ff96c125000 	C:\WINDOWS\SYSTEM32\ntdll.dll
0x00007ff96ad60000 - 0x00007ff96ae1e000 	C:\WINDOWS\System32\KERNEL32.DLL
0x00007ff969b20000 - 0x00007ff969de8000 	C:\WINDOWS\System32\KERNELBASE.dll
0x00007ff969650000 - 0x00007ff969750000 	C:\WINDOWS\System32\ucrtbase.dll
0x00007ff95baa0000 - 0x00007ff95baba000 	C:\Program Files\Java\jdk-17\bin\VCRUNTIME140.dll
0x00007ff95c010000 - 0x00007ff95c028000 	C:\Program Files\Java\jdk-17\bin\jli.dll
0x00007ff96b100000 - 0x00007ff96b1ac000 	C:\WINDOWS\System32\ADVAPI32.dll
0x00007ff96abc0000 - 0x00007ff96ac5e000 	C:\WINDOWS\System32\msvcrt.dll
0x00007ff96a000000 - 0x00007ff96a09b000 	C:\WINDOWS\System32\sechost.dll
0x00007ff96a0a0000 - 0x00007ff96a1ca000 	C:\WINDOWS\System32\RPCRT4.dll
0x00007ff96af50000 - 0x00007ff96b0f1000 	C:\WINDOWS\System32\USER32.dll
0x00007ff951f00000 - 0x00007ff95219a000 	C:\WINDOWS\WinSxS\amd64_microsoft.windows.common-controls_6595b64144ccf1df_6.0.19041.1110_none_60b5254171f9507e\COMCTL32.dll
0x00007ff969af0000 - 0x00007ff969b12000 	C:\WINDOWS\System32\win32u.dll
0x00007ff96b570000 - 0x00007ff96b59b000 	C:\WINDOWS\System32\GDI32.dll
0x00007ff9699e0000 - 0x00007ff969aeb000 	C:\WINDOWS\System32\gdi32full.dll
0x00007ff969ee0000 - 0x00007ff969f7d000 	C:\WINDOWS\System32\msvcp_win.dll
0x00007ff9631a0000 - 0x00007ff9631aa000 	C:\WINDOWS\SYSTEM32\VERSION.dll
0x00007ff96ac60000 - 0x00007ff96ac90000 	C:\WINDOWS\System32\IMM32.DLL
0x00007ff95ec50000 - 0x00007ff95ec5c000 	C:\Program Files\Java\jdk-17\bin\vcruntime140_1.dll
0x00007ff953830000 - 0x00007ff9538bd000 	C:\Program Files\Java\jdk-17\bin\msvcp140.dll
0x00007ff90b490000 - 0x00007ff90c04e000 	C:\Program Files\Java\jdk-17\bin\server\jvm.dll
0x00007ff96a460000 - 0x00007ff96a468000 	C:\WINDOWS\System32\PSAPI.DLL
0x00007ff961070000 - 0x00007ff961079000 	C:\WINDOWS\SYSTEM32\WSOCK32.dll
0x00007ff95d6e0000 - 0x00007ff95d707000 	C:\WINDOWS\SYSTEM32\WINMM.dll
0x00007ff96a6c0000 - 0x00007ff96a72b000 	C:\WINDOWS\System32\WS2_32.dll
0x00007ff967570000 - 0x00007ff967582000 	C:\WINDOWS\SYSTEM32\kernel.appcore.dll
0x00007ff95d580000 - 0x00007ff95d58a000 	C:\Program Files\Java\jdk-17\bin\jimage.dll
0x00007ff9549d0000 - 0x00007ff954bb4000 	C:\WINDOWS\SYSTEM32\DBGHELP.DLL
0x00007ff953580000 - 0x00007ff9535ac000 	C:\WINDOWS\SYSTEM32\dbgcore.DLL
0x00007ff969e50000 - 0x00007ff969ed3000 	C:\WINDOWS\System32\bcryptPrimitives.dll
0x00007ff954f50000 - 0x00007ff954f75000 	C:\Program Files\Java\jdk-17\bin\java.dll
0x00007ff90b080000 - 0x00007ff90b156000 	C:\Program Files\Java\jdk-17\bin\svml.dll
0x00007ff96b5a0000 - 0x00007ff96bcdf000 	C:\WINDOWS\System32\SHELL32.dll
0x00007ff967770000 - 0x00007ff967f00000 	C:\WINDOWS\SYSTEM32\windows.storage.dll
0x00007ff96b210000 - 0x00007ff96b565000 	C:\WINDOWS\System32\combase.dll
0x00007ff9690a0000 - 0x00007ff9690ce000 	C:\WINDOWS\SYSTEM32\Wldp.dll
0x00007ff96a610000 - 0x00007ff96a6bd000 	C:\WINDOWS\System32\SHCORE.dll
0x00007ff96be90000 - 0x00007ff96bee5000 	C:\WINDOWS\System32\shlwapi.dll
0x00007ff969590000 - 0x00007ff9695af000 	C:\WINDOWS\SYSTEM32\profapi.dll
0x00007ff95ba80000 - 0x00007ff95ba99000 	C:\Program Files\Java\jdk-17\bin\net.dll
0x00007ff95fb80000 - 0x00007ff95fc8c000 	C:\WINDOWS\SYSTEM32\WINHTTP.dll
0x00007ff968e00000 - 0x00007ff968e6a000 	C:\WINDOWS\system32\mswsock.dll
0x00007ff95b1a0000 - 0x00007ff95b1b5000 	C:\Program Files\Java\jdk-17\bin\nio.dll
0x00007ff957270000 - 0x00007ff957288000 	C:\Program Files\Java\jdk-17\bin\zip.dll
0x00007ff956d80000 - 0x00007ff956d90000 	C:\Program Files\Java\jdk-17\bin\verify.dll
0x0000000069ac0000 - 0x0000000069b1b000 	C:\Users\sommovir\AppData\Local\Temp\jansi-2.1.1-80a4dc9fa449fcc9-jansi.dll
0x00007ff90aef0000 - 0x00007ff90b07f000 	C:\Program Files\Java\jdk-17\bin\awt.dll
0x00007ff96a4d0000 - 0x00007ff96a59d000 	C:\WINDOWS\System32\OLEAUT32.dll
0x00007ff966ef0000 - 0x00007ff966f80000 	C:\WINDOWS\SYSTEM32\apphelp.dll
0x00007ff967090000 - 0x00007ff96712e000 	C:\WINDOWS\system32\uxtheme.dll
0x00007ff96a340000 - 0x00007ff96a455000 	C:\WINDOWS\System32\MSCTF.dll
0x00007ff96ae20000 - 0x00007ff96af4a000 	C:\WINDOWS\System32\ole32.dll
0x00007ff967280000 - 0x00007ff9672af000 	C:\WINDOWS\system32\DWMAPI.DLL
0x00007ff964a70000 - 0x00007ff964a79000 	C:\Program Files\Java\jdk-17\bin\management.dll
0x00007ff956d70000 - 0x00007ff956d7b000 	C:\Program Files\Java\jdk-17\bin\management_ext.dll
0x00007ff964ce0000 - 0x00007ff964cee000 	C:\Program Files\Java\jdk-17\bin\sunmscapi.dll
0x00007ff9697a0000 - 0x00007ff9698f6000 	C:\WINDOWS\System32\CRYPT32.dll
0x00007ff969110000 - 0x00007ff969137000 	C:\WINDOWS\SYSTEM32\ncrypt.dll
0x00007ff9690d0000 - 0x00007ff96910b000 	C:\WINDOWS\SYSTEM32\NTASN1.dll
0x00007ff95f7d0000 - 0x00007ff95f7d7000 	C:\WINDOWS\system32\wshunix.dll
0x00007ff968ff0000 - 0x00007ff969008000 	C:\WINDOWS\SYSTEM32\CRYPTSP.dll
0x00007ff968710000 - 0x00007ff968744000 	C:\WINDOWS\system32\rsaenh.dll
0x00007ff969900000 - 0x00007ff969927000 	C:\WINDOWS\System32\bcrypt.dll
0x00007ff969550000 - 0x00007ff96957e000 	C:\WINDOWS\SYSTEM32\USERENV.dll
0x00007ff969010000 - 0x00007ff96901c000 	C:\WINDOWS\SYSTEM32\CRYPTBASE.dll
0x00007ff968aa0000 - 0x00007ff968adb000 	C:\WINDOWS\SYSTEM32\IPHLPAPI.DLL
0x00007ff96a730000 - 0x00007ff96a738000 	C:\WINDOWS\System32\NSI.dll
0x00007ff9631b0000 - 0x00007ff9631c7000 	C:\WINDOWS\SYSTEM32\dhcpcsvc6.DLL
0x00007ff962b70000 - 0x00007ff962b8d000 	C:\WINDOWS\SYSTEM32\dhcpcsvc.DLL
0x00007ff968af0000 - 0x00007ff968bbb000 	C:\WINDOWS\SYSTEM32\DNSAPI.dll
0x00007ff94eb90000 - 0x00007ff94eba7000 	C:\WINDOWS\system32\napinsp.dll
0x00007ff94eb70000 - 0x00007ff94eb8b000 	C:\WINDOWS\system32\pnrpnsp.dll
0x00007ff94eaa0000 - 0x00007ff94eab5000 	C:\WINDOWS\system32\wshbth.dll
0x00007ff9650a0000 - 0x00007ff9650bd000 	C:\WINDOWS\system32\NLAapi.dll
0x00007ff94ea80000 - 0x00007ff94ea92000 	C:\WINDOWS\System32\winrnr.dll
0x00007ff961ce0000 - 0x00007ff961cea000 	C:\Windows\System32\rasadhlp.dll
0x00007ff95f150000 - 0x00007ff95f1cf000 	C:\WINDOWS\System32\fwpuclnt.dll
0x00007ff953180000 - 0x00007ff953209000 	C:\Program Files\Java\jdk-17\bin\freetype.dll
0x00007ff94f670000 - 0x00007ff94f718000 	C:\Program Files\Java\jdk-17\bin\fontmanager.dll
0x00007ff90adc0000 - 0x00007ff90aee5000 	C:\WINDOWS\system32\opengl32.dll
0x00007ff954150000 - 0x00007ff95417c000 	C:\WINDOWS\SYSTEM32\GLU32.dll
0x00007ff95e730000 - 0x00007ff95e8fe000 	C:\WINDOWS\system32\d3d9.dll
0x00007ff95f260000 - 0x00007ff95f362000 	C:\WINDOWS\System32\DriverStore\FileRepository\nv_dispi.inf_amd64_1c83a5d7cffd7bff\nvldumdx.dll
0x00007ff969230000 - 0x00007ff969242000 	C:\WINDOWS\SYSTEM32\msasn1.dll
0x00007ff962070000 - 0x00007ff9620a1000 	C:\WINDOWS\SYSTEM32\cryptnet.dll
0x00007ff969df0000 - 0x00007ff969e50000 	C:\WINDOWS\System32\WINTRUST.DLL
0x00007ff96ac90000 - 0x00007ff96acad000 	C:\WINDOWS\System32\imagehlp.dll
0x00007ff90e7f0000 - 0x00007ff91020b000 	C:\WINDOWS\System32\DriverStore\FileRepository\nv_dispi.inf_amd64_1c83a5d7cffd7bff\nvd3dumx.dll
0x00007ff967f10000 - 0x00007ff967f33000 	C:\WINDOWS\SYSTEM32\gpapi.dll
0x00007ff95fca0000 - 0x00007ff95fcdb000 	C:\WINDOWS\SYSTEM32\dxcore.dll
0x00007ff969750000 - 0x00007ff96979e000 	C:\WINDOWS\System32\cfgmgr32.dll
0x00007ff963cc0000 - 0x00007ff963cc6000 	C:\Users\sommovir\AppData\Local\Temp\flatlaf.temp\flatlaf-windows-x86_64-7457752479265000.dll
0x00007ff954f30000 - 0x00007ff954f37000 	C:\Program Files\Java\jdk-17\bin\jawt.dll
0x00007ff96acb0000 - 0x00007ff96ad59000 	C:\WINDOWS\System32\clbcatq.dll
0x00007ff9634d0000 - 0x00007ff963684000 	C:\WINDOWS\SYSTEM32\WindowsCodecs.dll
0x00007ff956590000 - 0x00007ff9565ce000 	C:\WINDOWS\system32\dataexchange.dll
0x00007ff9662c0000 - 0x00007ff9664a5000 	C:\WINDOWS\system32\dcomp.dll
0x00007ff966050000 - 0x00007ff9662b4000 	C:\WINDOWS\system32\d3d11.dll
0x00007ff967f40000 - 0x00007ff968034000 	C:\WINDOWS\system32\dxgi.dll
0x00007ff963890000 - 0x00007ff963a91000 	C:\WINDOWS\system32\twinapi.appcore.dll
0x00007ff95abd0000 - 0x00007ff95acc9000 	C:\WINDOWS\SYSTEM32\textinputframework.dll
0x00007ff966830000 - 0x00007ff966b8e000 	C:\WINDOWS\System32\CoreUIComponents.dll
0x00007ff966b90000 - 0x00007ff966c82000 	C:\WINDOWS\System32\CoreMessaging.dll
0x00007ff968340000 - 0x00007ff968373000 	C:\WINDOWS\SYSTEM32\ntmarta.dll
0x00007ff9654d0000 - 0x00007ff965624000 	C:\WINDOWS\SYSTEM32\wintypes.dll

dbghelp: loaded successfully - version: 4.0.5 - missing functions: none
symbol engine: initialized successfully - sym options: 0x614 - pdb path: .;C:\Program Files\Java\jdk-17\bin;C:\WINDOWS\SYSTEM32;C:\WINDOWS\WinSxS\amd64_microsoft.windows.common-controls_6595b64144ccf1df_6.0.19041.1110_none_60b5254171f9507e;C:\Program Files\Java\jdk-17\bin\server;C:\Users\sommovir\AppData\Local\Temp;C:\WINDOWS\System32\DriverStore\FileRepository\nv_dispi.inf_amd64_1c83a5d7cffd7bff;C:\Users\sommovir\AppData\Local\Temp\flatlaf.temp

VM Arguments:
java_command: it.cnr.istc.mw.mqtt.Main
java_class_path (initial): C:\Users\sommovir\Documents\cnr\server-watson\mqtt-watson\target\classes;C:\Users\sommovir\.m2\repository\com\github\alexmao86\springframework-moquette-broker\1.0\springframework-moquette-broker-1.0.jar;C:\Users\sommovir\.m2\repository\io\moquette\moquette-broker\0.10\moquette-broker-0.10.jar;C:\Users\sommovir\.m2\repository\org\slf4j\slf4j-api\1.7.5\slf4j-api-1.7.5.jar;C:\Users\sommovir\.m2\repository\io\netty\netty-common\4.1.12.Final\netty-common-4.1.12.Final.jar;C:\Users\sommovir\.m2\repository\io\netty\netty-buffer\4.1.12.Final\netty-buffer-4.1.12.Final.jar;C:\Users\sommovir\.m2\repository\io\netty\netty-transport\4.1.12.Final\netty-transport-4.1.12.Final.jar;C:\Users\sommovir\.m2\repository\io\netty\netty-resolver\4.1.12.Final\netty-resolver-4.1.12.Final.jar;C:\Users\sommovir\.m2\repository\io\netty\netty-handler\4.1.12.Final\netty-handler-4.1.12.Final.jar;C:\Users\sommovir\.m2\repository\io\netty\netty-codec\4.1.12.Final\netty-codec-4.1.12.Final.jar;C:\Users\sommovir\.m2\repository\io\netty\netty-codec-http\4.1.12.Final\netty-codec-http-4.1.12.Final.jar;C:\Users\sommovir\.m2\repository\io\netty\netty-codec-mqtt\4.1.12.Final\netty-codec-mqtt-4.1.12.Final.jar;C:\Users\sommovir\.m2\repository\io\netty\netty-transport-native-epoll\4.1.12.Final\netty-transport-native-epoll-4.1.12.Final-linux-x86_64.jar;C:\Users\sommovir\.m2\repository\io\netty\netty-transport-native-unix-common\4.1.12.Final\netty-transport-native-unix-common-4.1.12.Final.jar;C:\Users\sommovir\.m2\repository\io\dropwizard\metrics\metrics-core\3.2.2\metrics-core-3.2.2.jar;C:\Users\sommovir\.m2\repository\io\dropwizard\metrics\metrics-jvm\3.2.2\metrics-jvm-3.2.2.jar;C:\Users\sommovir\.m2\repository\com\librato\metrics\metrics-librato\5.1.0\metrics-librato-5.1.0.jar;C:\Users\sommovir\.m2\repository\com\librato\metrics\librato-java\2.1.0\librato-java-2.1.0.jar;C:\Users\sommovir\.m2\repository\com\fasterxml\jackson\core\jackson-annotations\2.8.8\jackson-annotations-2.8.8.jar
Launcher Type: SUN_STANDARD

[Global flags]
     intx CICompilerCount                          = 4                                         {product} {ergonomic}
     uint ConcGCThreads                            = 3                                         {product} {ergonomic}
     uint G1ConcRefinementThreads                  = 10                                        {product} {ergonomic}
   size_t G1HeapRegionSize                         = 4194304                                   {product} {ergonomic}
    uintx GCDrainStackTargetSize                   = 64                                        {product} {ergonomic}
   size_t InitialHeapSize                          = 536870912                                 {product} {ergonomic}
   size_t MarkStackSize                            = 4194304                                   {product} {ergonomic}
   size_t MaxHeapSize                              = 8573157376                                {product} {ergonomic}
   size_t MaxNewSize                               = 5142216704                                {product} {ergonomic}
   size_t MinHeapDeltaBytes                        = 4194304                                   {product} {ergonomic}
   size_t MinHeapSize                              = 8388608                                   {product} {ergonomic}
    uintx NonNMethodCodeHeapSize                   = 5839372                                {pd product} {ergonomic}
    uintx NonProfiledCodeHeapSize                  = 122909434                              {pd product} {ergonomic}
    uintx ProfiledCodeHeapSize                     = 122909434                              {pd product} {ergonomic}
    uintx ReservedCodeCacheSize                    = 251658240                              {pd product} {ergonomic}
     bool SegmentedCodeCache                       = true                                      {product} {ergonomic}
   size_t SoftMaxHeapSize                          = 8573157376                             {manageable} {ergonomic}
     bool UseCompressedClassPointers               = true                           {product lp64_product} {ergonomic}
     bool UseCompressedOops                        = true                           {product lp64_product} {ergonomic}
     bool UseG1GC                                  = true                                      {product} {ergonomic}
     bool UseLargePagesIndividualAllocation        = false                                  {pd product} {ergonomic}

Logging:
Log output configuration:
 #0: stdout all=warning uptime,level,tags
 #1: stderr all=off uptime,level,tags

Environment Variables:
JAVA_HOME=C:\Program Files\Java\jdk-17
PATH=C:\Program Files\Common Files\Oracle\Java\javapath;C:\WINDOWS\system32;C:\WINDOWS;C:\WINDOWS\System32\Wbem;C:\WINDOWS\System32\WindowsPowerShell\v1.0\;C:\WINDOWS\System32\OpenSSH\;C:\Program Files\MySQL\MySQL Server 8.0\bin;C:\Users\sommovir\Documents\cnr\exe;C:\ADB\;C:\Program Files\Java\jdk-17\bin;C:\Program Files\Git\cmd;C:\Python26;C:\Program Files\Perforce\;C:\Users\sommovir\AppData\Local\Microsoft\WindowsApps;C:\Program Files\Java\jdk-17\bin;C:\Users\sommovir\AppData\Local\gitkraken\bin;C:\Python26;
USERNAME=sommovir
OS=Windows_NT
PROCESSOR_IDENTIFIER=Intel64 Family 6 Model 62 Stepping 4, GenuineIntel



---------------  S Y S T E M  ---------------

OS:
 Windows 10 , 64 bit Build 19041 (10.0.19041.1348)
OS uptime: 8 days 15:09 hours

CPU: total 12 (initial active 12) (6 cores per cpu, 2 threads per core) family 6 model 62 stepping 4 microcode 0x42e, cx8, cmov, fxsr, ht, mmx, sse, sse2, sse3, ssse3, sse4.1, sse4.2, popcnt, tsc, tscinvbit, avx, aes, erms, clmul, vzeroupper, clflush

Memory: 4k page, system-wide physical 32702M (18313M free)
TotalPageFile size 37566M (AvailPageFile size 12724M)
current process WorkingSet (physical memory assigned to process): 151M, peak: 174M
current process commit charge ("private bytes"): 243M, peak: 686M

vm_info: Java HotSpot(TM) 64-Bit Server VM (17+35-LTS-2724) for windows-amd64 JRE (17+35-LTS-2724), built on Aug  5 2021 23:28:28 by "mach5one" with MS VC++ 16.8 (VS2019)

END.
