1) 23:42:36 [Server] START
2) 23:42:36 del giorno 26/05/2021
3) 23:42:36 ALPHA: 0.6       BETA: 0.2       GAMMA: 1
4) 23:42:48 <REC BUTTON PRESSED BY USER> <SPEAK>
5) 23:42:53 <USER TURNS> Come arrivo a teatro
6) 23:42:54 <FACE> question,5000
7) 23:42:54 <CONFIDENCE INTENTS> [#raggiungimento_teatro_Argentina, 0.8585760593414307][#come_stai, 0.36077721118927003][#apertura_teatro, 0.29234897494316103][#chi_è_responsabile_cucina, 0.2698146462440491][#programmazione_teatro, 0.2684669315814972][#ricette, 0.25868042111396794][#svolgimento_laboratorio_come, 0.25206709504127506][#confermaemail, 0.2422769755125046][#prezzo_biglietto, 0.23743191063404084][#meteo, 0.23690837025642397]
8) 23:42:54 <CONFIDENCE ENTITIES> [#tipologia_spettacoli, 1.0]
9) 23:42:54 <SYSTEM TURNS> <AUTOLISTEN>A quale teatro ti riferisci?
10) 23:43:00 <USER TURNS> Che ore sono
11) 23:43:00 <FACE> question,5000
12) 23:43:00 <CONFIDENCE INTENTS> [#orario_attuale, 1.0][#Accesso_Remoto, 0.0][#Curiosità_sulle_Ricette, 0.0][#Gruppo_Whatsapp, 0.0][#Quando-Fatto-tema, 0.0][#acheora, 0.0][#apertura_teatro, 0.0][#check_giorno_apertura, 0.0][#checkdata, 0.0][#chegiorno, 0.0]
13) 23:43:00 <CONFIDENCE ENTITIES> 
14) 23:43:00 <SYSTEM TURNS> Mi spiace, questo teatro non esiste
15) 23:43:06 <REC BUTTON PRESSED BY USER> <SPEAK>
16) 23:43:09 <USER TURNS> Che ore sono
17) 23:43:09 <FACE> question,5000
18) 23:43:09 <CONFIDENCE INTENTS> [#orario_attuale, 1.0][#Accesso_Remoto, 0.0][#Curiosità_sulle_Ricette, 0.0][#Gruppo_Whatsapp, 0.0][#Quando-Fatto-tema, 0.0][#acheora, 0.0][#apertura_teatro, 0.0][#check_giorno_apertura, 0.0][#checkdata, 0.0][#chegiorno, 0.0]
19) 23:43:09 <CONFIDENCE ENTITIES> 
20) 23:43:09 <SYSTEM TURNS> Mi spiace, questo teatro non esiste
21) 23:43:09 <FACE> question,5000
22) 23:43:09 <CONFIDENCE INTENTS> [#acheora, 0.06716469902570169][#grazie, 0.040029499808074576][#iscrizione, 0.03981349314742673][#quali_laboratori, 0.03813251496415333][#meteo, 0.03619627914250643][#Accesso_Remoto, 0.03525544382507065][#saluto, 0.034844659652939924][#ripeti_plz, 0.03467262533061941][#come_stai, 0.034254803248796865][#Curiosità_sulle_Ricette, 0.03349110110587006]
23) 23:43:09 <CONFIDENCE ENTITIES> [#hard_reset, 1.0]
24) 23:43:09 <SYSTEM TURNS> <AUTOLISTEN>Da quale stazione vuoi partire? Sono disponibili Termini, Anagnina e Trastevere
25) 23:43:09 <USER DISCONNECTED> Server
26) 01:44:12 <CONFIDENCE INTENTS> [#saluto, 1.0][#Accesso_Remoto, 0.0][#Curiosità_sulle_Ricette, 0.0][#Gruppo_Whatsapp, 0.0][#Quando-Fatto-tema, 0.0][#acheora, 0.0][#apertura_teatro, 0.0][#check_giorno_apertura, 0.0][#checkdata, 0.0][#chegiorno, 0.0]
27) 01:44:12 <CONFIDENCE ENTITIES> [#salutini, 1.0]
28) 01:44:12 <SYSTEM TURNS> eccoti , mi sentivo sola.%finalmente  , ecco qualcuno con cui parlare%sono pronta . Chieda pureh.%ciao ciao  .%Salve 
29) 01:44:49 ----------------------------------------------------------------
30) 01:44:49 <ELAPSED TIME> 2h 2m 12s 
31) 01:44:49  | TOTAL USER TURNS: 3 | TOTAL SYSTEM TURNS: 5 | TOTAL TURNS: 8 | 
<PRECISION INTENTS>: 0.7851481516734264 | 
<PRECISION FAILED INTENTS>: 0.7851481516734264 | 
<PRECISION ENTITIES>: 0.6
32) 01:44:49 ----------------------------------------------------------------
